[    1380ms] [INFO] Slow network is detected. See https://www.chromestatus.com/feature/5636954674692096 for more details. Fallback font will be used while loading: https://e-assets.gitee.com/gitee-community-web/_next/static/media/Alibaba-PuHuiTi-Bold.c96a0791.otf @ https://gitee.com/:0
[    1380ms] [INFO] Slow network is detected. See https://www.chromestatus.com/feature/5636954674692096 for more details. Fallback font will be used while loading: https://e-assets.gitee.com/gitee-community-web/_next/static/media/Alimama_ShuHeiTi_Bold.a85db6b6.ttf @ https://gitee.com/:0
[    1381ms] [INFO] Slow network is detected. See https://www.chromestatus.com/feature/5636954674692096 for more details. Fallback font will be used while loading: https://e-assets.gitee.com/gitee-community-web/_next/static/media/AvenirNextCondensed-DemiBoldItalic.ab0c3346.ttf @ https://gitee.com/:0
[    9993ms] [LOG] %c
   ██████╗ ██╗████████╗███████╗███████╗
  ██  ═══╝ ██║╚══██ ══╝██ ════╝██ ════╝
  ██║  ███╗██║   ██║   █████╗  █████╗
  ██║   ██║██║   ██║   ██ ══╝  ██ ══╝
  ╚██████╔╝██║   ██║   ███████╗███████╗
   ╚═════╝ ╚═╝   ╚═╝   ╚══════╝╚══════╝

 Gitee Community release v0.16.16-community color: #bada55; @ https://e-assets.gitee.com/gitee-community-web/_next/static/chunks/67d2cb913a1b62c2.js:2
[   25800ms] [LOG] {"msg":"操作成功","code":200,"event_id":"2068317281027760128"} @ https://e-assets.gitee.com/gitee-community-web/_next/static/chunks/67d2cb913a1b62c2.js:2
[   30700ms] [LOG] {"msg":"操作成功","code":200,"event_id":"2068317281027760128"} @ https://e-assets.gitee.com/gitee-community-web/_next/static/chunks/67d2cb913a1b62c2.js:2
[   35692ms] [LOG] {"msg":"操作成功","code":200,"event_id":"2068317281027760128"} @ https://e-assets.gitee.com/gitee-community-web/_next/static/chunks/67d2cb913a1b62c2.js:2
[   40702ms] [LOG] {"msg":"操作成功","code":200,"event_id":"2068317281027760128"} @ https://e-assets.gitee.com/gitee-community-web/_next/static/chunks/67d2cb913a1b62c2.js:2
[   45696ms] [LOG] {"msg":"操作成功","code":200,"event_id":"2068317281027760128"} @ https://e-assets.gitee.com/gitee-community-web/_next/static/chunks/67d2cb913a1b62c2.js:2
[   50702ms] [LOG] {"msg":"操作成功","code":200,"event_id":"2068317281027760128"} @ https://e-assets.gitee.com/gitee-community-web/_next/static/chunks/67d2cb913a1b62c2.js:2
[   55703ms] [LOG] {"msg":"操作成功","code":200,"event_id":"2068317281027760128"} @ https://e-assets.gitee.com/gitee-community-web/_next/static/chunks/67d2cb913a1b62c2.js:2
[   60695ms] [LOG] {"msg":"操作成功","code":200,"event_id":"2068317281027760128"} @ https://e-assets.gitee.com/gitee-community-web/_next/static/chunks/67d2cb913a1b62c2.js:2
[   65703ms] [LOG] {"msg":"操作成功","code":200,"event_id":"2068317281027760128"} @ https://e-assets.gitee.com/gitee-community-web/_next/static/chunks/67d2cb913a1b62c2.js:2
[   70710ms] [LOG] {"msg":"操作成功","code":200,"event_id":"2068317281027760128"} @ https://e-assets.gitee.com/gitee-community-web/_next/static/chunks/67d2cb913a1b62c2.js:2
[   75690ms] [LOG] {"msg":"操作成功","code":200,"event_id":"2068317281027760128"} @ https://e-assets.gitee.com/gitee-community-web/_next/static/chunks/67d2cb913a1b62c2.js:2
[   80701ms] [LOG] {"msg":"操作成功","code":200,"event_id":"2068317281027760128"} @ https://e-assets.gitee.com/gitee-community-web/_next/static/chunks/67d2cb913a1b62c2.js:2
[   85697ms] [LOG] {"msg":"操作成功","code":200,"event_id":"2068317281027760128"} @ https://e-assets.gitee.com/gitee-community-web/_next/static/chunks/67d2cb913a1b62c2.js:2
[   90707ms] [LOG] {"msg":"操作成功","code":200,"event_id":"2068317281027760128"} @ https://e-assets.gitee.com/gitee-community-web/_next/static/chunks/67d2cb913a1b62c2.js:2
[   95696ms] [LOG] {"msg":"操作成功","code":200,"event_id":"2068317281027760128"} @ https://e-assets.gitee.com/gitee-community-web/_next/static/chunks/67d2cb913a1b62c2.js:2
[  100690ms] [LOG] {"msg":"操作成功","code":200,"event_id":"2068317281027760128"} @ https://e-assets.gitee.com/gitee-community-web/_next/static/chunks/67d2cb913a1b62c2.js:2
[  105709ms] [LOG] {"msg":"操作成功","code":200,"event_id":"2068317281027760128"} @ https://e-assets.gitee.com/gitee-community-web/_next/static/chunks/67d2cb913a1b62c2.js:2
[  110688ms] [LOG] {"msg":"操作成功","code":200,"event_id":"2068317281027760128"} @ https://e-assets.gitee.com/gitee-community-web/_next/static/chunks/67d2cb913a1b62c2.js:2
[  115686ms] [LOG] {"msg":"操作成功","code":200,"event_id":"2068317281027760128"} @ https://e-assets.gitee.com/gitee-community-web/_next/static/chunks/67d2cb913a1b62c2.js:2
[  120691ms] [LOG] {"msg":"操作成功","code":200,"event_id":"2068317281027760128"} @ https://e-assets.gitee.com/gitee-community-web/_next/static/chunks/67d2cb913a1b62c2.js:2
[  125690ms] [LOG] {"msg":"操作成功","code":200,"event_id":"2068317281027760128"} @ https://e-assets.gitee.com/gitee-community-web/_next/static/chunks/67d2cb913a1b62c2.js:2
[  130692ms] [LOG] {"msg":"操作成功","code":200,"event_id":"2068317281027760128"} @ https://e-assets.gitee.com/gitee-community-web/_next/static/chunks/67d2cb913a1b62c2.js:2
[  135701ms] [LOG] {"msg":"操作成功","code":200,"event_id":"2068317281027760128"} @ https://e-assets.gitee.com/gitee-community-web/_next/static/chunks/67d2cb913a1b62c2.js:2
[  140691ms] [LOG] {"msg":"操作成功","code":200,"event_id":"2068317281027760128"} @ https://e-assets.gitee.com/gitee-community-web/_next/static/chunks/67d2cb913a1b62c2.js:2
[  145712ms] [LOG] {"msg":"操作成功","code":200,"event_id":"2068317281027760128"} @ https://e-assets.gitee.com/gitee-community-web/_next/static/chunks/67d2cb913a1b62c2.js:2
[  150690ms] [LOG] {"msg":"操作成功","code":200,"event_id":"2068317281027760128"} @ https://e-assets.gitee.com/gitee-community-web/_next/static/chunks/67d2cb913a1b62c2.js:2
[  155697ms] [LOG] {"msg":"操作成功","code":200,"event_id":"2068317281027760128"} @ https://e-assets.gitee.com/gitee-community-web/_next/static/chunks/67d2cb913a1b62c2.js:2
[  160701ms] [LOG] {"msg":"操作成功","code":200,"event_id":"2068317281027760128"} @ https://e-assets.gitee.com/gitee-community-web/_next/static/chunks/67d2cb913a1b62c2.js:2
[  165718ms] [LOG] {"msg":"操作成功","code":200,"event_id":"2068317281027760128"} @ https://e-assets.gitee.com/gitee-community-web/_next/static/chunks/67d2cb913a1b62c2.js:2
[  170700ms] [LOG] {"msg":"操作成功","code":200,"event_id":"2068317281027760128"} @ https://e-assets.gitee.com/gitee-community-web/_next/static/chunks/67d2cb913a1b62c2.js:2
[  175704ms] [LOG] {"msg":"操作成功","code":200,"event_id":"2068317281027760128"} @ https://e-assets.gitee.com/gitee-community-web/_next/static/chunks/67d2cb913a1b62c2.js:2
[  180702ms] [LOG] {"msg":"操作成功","code":200,"event_id":"2068317281027760128"} @ https://e-assets.gitee.com/gitee-community-web/_next/static/chunks/67d2cb913a1b62c2.js:2
[  185716ms] [LOG] {"msg":"操作成功","code":200,"event_id":"2068317281027760128"} @ https://e-assets.gitee.com/gitee-community-web/_next/static/chunks/67d2cb913a1b62c2.js:2
[  190688ms] [LOG] {"msg":"操作成功","code":200,"event_id":"2068317281027760128"} @ https://e-assets.gitee.com/gitee-community-web/_next/static/chunks/67d2cb913a1b62c2.js:2
[  195708ms] [LOG] {"msg":"操作成功","code":200,"event_id":"2068317281027760128"} @ https://e-assets.gitee.com/gitee-community-web/_next/static/chunks/67d2cb913a1b62c2.js:2
[  200703ms] [LOG] {"msg":"操作成功","code":200,"event_id":"2068317281027760128"} @ https://e-assets.gitee.com/gitee-community-web/_next/static/chunks/67d2cb913a1b62c2.js:2
[  205699ms] [LOG] {"msg":"操作成功","code":200,"event_id":"2068317281027760128"} @ https://e-assets.gitee.com/gitee-community-web/_next/static/chunks/67d2cb913a1b62c2.js:2
[  210702ms] [LOG] {"msg":"操作成功","code":200,"event_id":"2068317281027760128"} @ https://e-assets.gitee.com/gitee-community-web/_next/static/chunks/67d2cb913a1b62c2.js:2
[  215688ms] [LOG] {"msg":"操作成功","code":200,"event_id":"2068317281027760128"} @ https://e-assets.gitee.com/gitee-community-web/_next/static/chunks/67d2cb913a1b62c2.js:2
[  220698ms] [LOG] {"msg":"操作成功","code":200,"event_id":"2068317281027760128"} @ https://e-assets.gitee.com/gitee-community-web/_next/static/chunks/67d2cb913a1b62c2.js:2
[  225701ms] [LOG] {"msg":"操作成功","code":200,"event_id":"2068317281027760128"} @ https://e-assets.gitee.com/gitee-community-web/_next/static/chunks/67d2cb913a1b62c2.js:2
[  230701ms] [LOG] {"msg":"操作成功","code":200,"event_id":"2068317281027760128"} @ https://e-assets.gitee.com/gitee-community-web/_next/static/chunks/67d2cb913a1b62c2.js:2
[  235697ms] [LOG] {"msg":"操作成功","code":200,"event_id":"2068317281027760128"} @ https://e-assets.gitee.com/gitee-community-web/_next/static/chunks/67d2cb913a1b62c2.js:2
[  240704ms] [LOG] {"msg":"操作成功","code":200,"event_id":"2068317281027760128"} @ https://e-assets.gitee.com/gitee-community-web/_next/static/chunks/67d2cb913a1b62c2.js:2
[  245689ms] [LOG] {"msg":"操作成功","code":200,"event_id":"2068317281027760128"} @ https://e-assets.gitee.com/gitee-community-web/_next/static/chunks/67d2cb913a1b62c2.js:2
[  250714ms] [LOG] {"msg":"操作成功","code":200,"event_id":"2068317281027760128"} @ https://e-assets.gitee.com/gitee-community-web/_next/static/chunks/67d2cb913a1b62c2.js:2
[  255694ms] [LOG] {"msg":"操作成功","code":200,"event_id":"2068317281027760128"} @ https://e-assets.gitee.com/gitee-community-web/_next/static/chunks/67d2cb913a1b62c2.js:2
[  260707ms] [LOG] {"msg":"操作成功","code":200,"event_id":"2068317281027760128"} @ https://e-assets.gitee.com/gitee-community-web/_next/static/chunks/67d2cb913a1b62c2.js:2
[  265698ms] [LOG] {"msg":"操作成功","code":200,"event_id":"2068317281027760128"} @ https://e-assets.gitee.com/gitee-community-web/_next/static/chunks/67d2cb913a1b62c2.js:2
[  270691ms] [LOG] {"msg":"操作成功","code":200,"event_id":"2068317281027760128"} @ https://e-assets.gitee.com/gitee-community-web/_next/static/chunks/67d2cb913a1b62c2.js:2
[  275721ms] [LOG] {"msg":"操作成功","code":200,"event_id":"2068317281027760128"} @ https://e-assets.gitee.com/gitee-community-web/_next/static/chunks/67d2cb913a1b62c2.js:2
[  280714ms] [LOG] {"msg":"操作成功","code":200,"event_id":"2068317281027760128"} @ https://e-assets.gitee.com/gitee-community-web/_next/static/chunks/67d2cb913a1b62c2.js:2
[  281665ms] [ERROR] Failed to load resource: net::ERR_CONNECTION_CLOSED @ https://e-assets.gitee.com/gitee-community-web/_next/static/media/Alibaba-PuHuiTi-Bold.c96a0791.otf:0
[  285709ms] [LOG] {"msg":"操作成功","code":200,"event_id":"2068317281027760128"} @ https://e-assets.gitee.com/gitee-community-web/_next/static/chunks/67d2cb913a1b62c2.js:2
[  290686ms] [LOG] {"msg":"操作成功","code":200,"event_id":"2068317281027760128"} @ https://e-assets.gitee.com/gitee-community-web/_next/static/chunks/67d2cb913a1b62c2.js:2
[  295691ms] [LOG] {"msg":"操作成功","code":200,"event_id":"2068317281027760128"} @ https://e-assets.gitee.com/gitee-community-web/_next/static/chunks/67d2cb913a1b62c2.js:2
[  300708ms] [LOG] {"msg":"操作成功","code":200,"event_id":"2068317281027760128"} @ https://e-assets.gitee.com/gitee-community-web/_next/static/chunks/67d2cb913a1b62c2.js:2
[  305709ms] [LOG] {"msg":"操作成功","code":200,"event_id":"2068317281027760128"} @ https://e-assets.gitee.com/gitee-community-web/_next/static/chunks/67d2cb913a1b62c2.js:2
[  310708ms] [LOG] {"msg":"操作成功","code":200,"event_id":"2068317281027760128"} @ https://e-assets.gitee.com/gitee-community-web/_next/static/chunks/67d2cb913a1b62c2.js:2
[  315698ms] [LOG] {"msg":"操作成功","code":200,"event_id":"2068317281027760128"} @ https://e-assets.gitee.com/gitee-community-web/_next/static/chunks/67d2cb913a1b62c2.js:2
[  320698ms] [LOG] {"msg":"操作成功","code":200,"event_id":"2068317281027760128"} @ https://e-assets.gitee.com/gitee-community-web/_next/static/chunks/67d2cb913a1b62c2.js:2
[  325696ms] [LOG] {"msg":"操作成功","code":200,"event_id":"2068317281027760128"} @ https://e-assets.gitee.com/gitee-community-web/_next/static/chunks/67d2cb913a1b62c2.js:2
